<?xml version="1.0" encoding="utf-8" standalone="no"?>
<!--This file represents the results of running a test suite-->
<test-results name="C:\Projects\aa\Source\TestRunner\Uno.TestRunner.Client.Tests\bin\Release\Uno.TestRunner.Client.Tests.dll" total="1" errors="1" failures="0" not-run="1" inconclusive="0" ignored="1" skipped="0" invalid="0" date="2015-06-17" time="18:04:47">
  <environment nunit-version="2.6.4.14350" clr-version="2.0.50727.8009" os-version="Microsoft Windows NT 6.2.9200.0" platform="Win32NT" cwd="C:\Projects\aa\Source\TestRunner\Uno.TestRunner.Client.Tests\bin\Release" machine-name="UNIT-728" user="Nikolay.Pianikov" user-domain="LABS" />
  <culture-info current-culture="ru-RU" current-uiculture="en-GB" />
  <test-suite type="Assembly" name="C:\Projects\aa\Source\TestRunner\Uno.TestRunner.Client.Tests\bin\Release\Uno.TestRunner.Client.Tests.dll" executed="True" result="Failure" success="False" time="0.041" asserts="0">
    <results>
      <test-suite type="Namespace" name="Uno" executed="True" result="Failure" success="False" time="0.033" asserts="0">
        <results>
          <test-suite type="Namespace" name="TestRunner" executed="True" result="Failure" success="False" time="0.033" asserts="0">
            <results>
              <test-suite type="Namespace" name="Client" executed="True" result="Failure" success="False" time="0.033" asserts="0">
                <results>
                  <test-suite type="Namespace" name="Tests" executed="True" result="Failure" success="False" time="0.033" asserts="0">
                    <results>
                      <test-suite type="TestFixture" name="EndToEndTest" executed="True" result="Inconclusive" success="False" time="0.008" asserts="0">
                        <results>
                          <test-case name="Uno.TestRunner.Client.Tests.EndToEndTest.EndToEnd" executed="False" result="Ignored">
                            <reason>
                              <message><![CDATA[TODO knatten]]></message>
                            </reason>
                          </test-case>
                        </results>
                      </test-suite>
                      <test-suite type="TestFixture" name="SystemTest" executed="True" result="Failure" success="False" time="0.021" asserts="0">
                        <results>
                          <test-case name="Uno.TestRunner.Client.Tests.SystemTest.FullTestRun" executed="True" result="Error" success="False" time="0.020" asserts="0">
                            <failure>
                              <message><![CDATA[System.Exception : sefsef]]></message>
                              <stack-trace><![CDATA[at Uno.TestRunner.Client.Tests.SystemTest.FullTestRun() in c:\BuildAgent-3\work\70085b5132c8a434\Source\TestRunner\Uno.TestRunner.Client.Tests\SystemTest.cs:line 26
]]></stack-trace>
                            </failure>
                          </test-case>
                        </results>
                      </test-suite>
                    </results>
                  </test-suite>
                </results>
              </test-suite>
            </results>
          </test-suite>
        </results>
      </test-suite>
    </results>
  </test-suite>
</test-results>